W0429 09:13:06.476408 26099 generic.py:3287] /home/mainuser/.local/lib/python3.5/site-packages/pandas/core/indexing.py:543: SettingWithCopyWarning: 
A value is trying to be set on a copy of a slice from a DataFrame.
Try using .loc[row_indexer,col_indexer] = value instead

See the caveats in the documentation: http://pandas.pydata.org/pandas-docs/stable/indexing.html#indexing-view-versus-copy
  self.obj[item] = s

Traceback (most recent call last):
  File "accuracy_tests.py", line 6, in <module>
    preprocessing.cross_validation(data=data,k=5,file_out=outFile,min_sample=t)
  File "/home/mainuser/classes/CS558/Project/Computer_Security_Project/preprocessing.py", line 305, in cross_validation
    x,y=preProcessing(X.iloc[train_idx,:],X.iloc[test_idx,:],xlabel)
  File "/home/mainuser/classes/CS558/Project/Computer_Security_Project/preprocessing.py", line 260, in preProcessing
    complete_df.loc[complete_df.datasource=='train',:],completeMapping[category]=categoricalMapping(complete_df[complete_df.datasource=='train'],field=category,k=mapping)
  File "/home/mainuser/.local/lib/python3.5/site-packages/pandas/core/indexing.py", line 190, in __setitem__
    self._setitem_with_indexer(indexer, value)
  File "/home/mainuser/.local/lib/python3.5/site-packages/pandas/core/indexing.py", line 581, in _setitem_with_indexer
    setter(item, v)
  File "/home/mainuser/.local/lib/python3.5/site-packages/pandas/core/indexing.py", line 539, in setter
    s._data = s._data.setitem(indexer=pi, value=v)
  File "/home/mainuser/.local/lib/python3.5/site-packages/pandas/core/internals/managers.py", line 510, in setitem
    return self.apply('setitem', **kwargs)
  File "/home/mainuser/.local/lib/python3.5/site-packages/pandas/core/internals/managers.py", line 395, in apply
    applied = getattr(b, f)(**kwargs)
  File "/home/mainuser/.local/lib/python3.5/site-packages/pandas/core/internals/blocks.py", line 923, in setitem
    values = self._try_coerce_and_cast_result(values, dtype)
  File "/home/mainuser/.local/lib/python3.5/site-packages/pandas/core/internals/blocks.py", line 727, in _try_coerce_and_cast_result
    result = self._try_cast_result(result, dtype=dtype)
  File "/home/mainuser/.local/lib/python3.5/site-packages/pandas/core/internals/blocks.py", line 707, in _try_cast_result
    return maybe_downcast_to_dtype(result, dtype)
  File "/home/mainuser/.local/lib/python3.5/site-packages/pandas/core/dtypes/cast.py", line 107, in maybe_downcast_to_dtype
    np.prod(result.shape)):
  File "/home/mainuser/.local/lib/python3.5/site-packages/numpy/core/fromnumeric.py", line 2772, in prod
    initial=initial)
  File "/home/mainuser/.local/lib/python3.5/site-packages/numpy/core/fromnumeric.py", line 86, in _wrapreduction
    return ufunc.reduce(obj, axis, dtype, out, **passkwargs)
KeyboardInterrupt
W0429 09:13:20.673402 26107 generic.py:3287] /home/mainuser/.local/lib/python3.5/site-packages/pandas/core/indexing.py:543: SettingWithCopyWarning: 
A value is trying to be set on a copy of a slice from a DataFrame.
Try using .loc[row_indexer,col_indexer] = value instead

See the caveats in the documentation: http://pandas.pydata.org/pandas-docs/stable/indexing.html#indexing-view-versus-copy
  self.obj[item] = s

W0429 09:13:27.491147 26107 forest.py:246] /home/mainuser/.local/lib/python3.5/site-packages/sklearn/ensemble/forest.py:246: FutureWarning: The default value of n_estimators will change from 10 in version 0.20 to 100 in 0.22.
  "10 in version 0.20 to 100 in 0.22.", FutureWarning)

W0429 09:13:28.440200 26107 generic.py:3287] /home/mainuser/.local/lib/python3.5/site-packages/pandas/core/indexing.py:543: SettingWithCopyWarning: 
A value is trying to be set on a copy of a slice from a DataFrame.
Try using .loc[row_indexer,col_indexer] = value instead

See the caveats in the documentation: http://pandas.pydata.org/pandas-docs/stable/indexing.html#indexing-view-versus-copy
  self.obj[item] = s

W0429 09:13:36.343115 26107 generic.py:3287] /home/mainuser/.local/lib/python3.5/site-packages/pandas/core/indexing.py:543: SettingWithCopyWarning: 
A value is trying to be set on a copy of a slice from a DataFrame.
Try using .loc[row_indexer,col_indexer] = value instead

See the caveats in the documentation: http://pandas.pydata.org/pandas-docs/stable/indexing.html#indexing-view-versus-copy
  self.obj[item] = s

W0429 09:13:44.117441 26107 generic.py:3287] /home/mainuser/.local/lib/python3.5/site-packages/pandas/core/indexing.py:543: SettingWithCopyWarning: 
A value is trying to be set on a copy of a slice from a DataFrame.
Try using .loc[row_indexer,col_indexer] = value instead

See the caveats in the documentation: http://pandas.pydata.org/pandas-docs/stable/indexing.html#indexing-view-versus-copy
  self.obj[item] = s

W0429 09:13:51.866644 26107 generic.py:3287] /home/mainuser/.local/lib/python3.5/site-packages/pandas/core/indexing.py:543: SettingWithCopyWarning: 
A value is trying to be set on a copy of a slice from a DataFrame.
Try using .loc[row_indexer,col_indexer] = value instead

See the caveats in the documentation: http://pandas.pydata.org/pandas-docs/stable/indexing.html#indexing-view-versus-copy
  self.obj[item] = s

W0429 09:13:59.608868 26107 generic.py:3287] /home/mainuser/.local/lib/python3.5/site-packages/pandas/core/indexing.py:543: SettingWithCopyWarning: 
A value is trying to be set on a copy of a slice from a DataFrame.
Try using .loc[row_indexer,col_indexer] = value instead

See the caveats in the documentation: http://pandas.pydata.org/pandas-docs/stable/indexing.html#indexing-view-versus-copy
  self.obj[item] = s

W0429 09:14:06.547015 26107 forest.py:246] /home/mainuser/.local/lib/python3.5/site-packages/sklearn/ensemble/forest.py:246: FutureWarning: The default value of n_estimators will change from 10 in version 0.20 to 100 in 0.22.
  "10 in version 0.20 to 100 in 0.22.", FutureWarning)

W0429 09:14:07.452486 26107 generic.py:3287] /home/mainuser/.local/lib/python3.5/site-packages/pandas/core/indexing.py:543: SettingWithCopyWarning: 
A value is trying to be set on a copy of a slice from a DataFrame.
Try using .loc[row_indexer,col_indexer] = value instead

See the caveats in the documentation: http://pandas.pydata.org/pandas-docs/stable/indexing.html#indexing-view-versus-copy
  self.obj[item] = s

W0429 09:14:15.384293 26107 generic.py:3287] /home/mainuser/.local/lib/python3.5/site-packages/pandas/core/indexing.py:543: SettingWithCopyWarning: 
A value is trying to be set on a copy of a slice from a DataFrame.
Try using .loc[row_indexer,col_indexer] = value instead

See the caveats in the documentation: http://pandas.pydata.org/pandas-docs/stable/indexing.html#indexing-view-versus-copy
  self.obj[item] = s

W0429 09:14:23.190571 26107 generic.py:3287] /home/mainuser/.local/lib/python3.5/site-packages/pandas/core/indexing.py:543: SettingWithCopyWarning: 
A value is trying to be set on a copy of a slice from a DataFrame.
Try using .loc[row_indexer,col_indexer] = value instead

See the caveats in the documentation: http://pandas.pydata.org/pandas-docs/stable/indexing.html#indexing-view-versus-copy
  self.obj[item] = s

W0429 09:14:31.132749 26107 generic.py:3287] /home/mainuser/.local/lib/python3.5/site-packages/pandas/core/indexing.py:543: SettingWithCopyWarning: 
A value is trying to be set on a copy of a slice from a DataFrame.
Try using .loc[row_indexer,col_indexer] = value instead

See the caveats in the documentation: http://pandas.pydata.org/pandas-docs/stable/indexing.html#indexing-view-versus-copy
  self.obj[item] = s

W0429 09:14:38.940966 26107 generic.py:3287] /home/mainuser/.local/lib/python3.5/site-packages/pandas/core/indexing.py:543: SettingWithCopyWarning: 
A value is trying to be set on a copy of a slice from a DataFrame.
Try using .loc[row_indexer,col_indexer] = value instead

See the caveats in the documentation: http://pandas.pydata.org/pandas-docs/stable/indexing.html#indexing-view-versus-copy
  self.obj[item] = s

W0429 09:14:45.793729 26107 forest.py:246] /home/mainuser/.local/lib/python3.5/site-packages/sklearn/ensemble/forest.py:246: FutureWarning: The default value of n_estimators will change from 10 in version 0.20 to 100 in 0.22.
  "10 in version 0.20 to 100 in 0.22.", FutureWarning)

W0429 09:14:46.702463 26107 generic.py:3287] /home/mainuser/.local/lib/python3.5/site-packages/pandas/core/indexing.py:543: SettingWithCopyWarning: 
A value is trying to be set on a copy of a slice from a DataFrame.
Try using .loc[row_indexer,col_indexer] = value instead

See the caveats in the documentation: http://pandas.pydata.org/pandas-docs/stable/indexing.html#indexing-view-versus-copy
  self.obj[item] = s

W0429 09:14:54.481958 26107 generic.py:3287] /home/mainuser/.local/lib/python3.5/site-packages/pandas/core/indexing.py:543: SettingWithCopyWarning: 
A value is trying to be set on a copy of a slice from a DataFrame.
Try using .loc[row_indexer,col_indexer] = value instead

See the caveats in the documentation: http://pandas.pydata.org/pandas-docs/stable/indexing.html#indexing-view-versus-copy
  self.obj[item] = s

W0429 09:15:02.289869 26107 generic.py:3287] /home/mainuser/.local/lib/python3.5/site-packages/pandas/core/indexing.py:543: SettingWithCopyWarning: 
A value is trying to be set on a copy of a slice from a DataFrame.
Try using .loc[row_indexer,col_indexer] = value instead

See the caveats in the documentation: http://pandas.pydata.org/pandas-docs/stable/indexing.html#indexing-view-versus-copy
  self.obj[item] = s

W0429 09:15:10.098340 26107 generic.py:3287] /home/mainuser/.local/lib/python3.5/site-packages/pandas/core/indexing.py:543: SettingWithCopyWarning: 
A value is trying to be set on a copy of a slice from a DataFrame.
Try using .loc[row_indexer,col_indexer] = value instead

See the caveats in the documentation: http://pandas.pydata.org/pandas-docs/stable/indexing.html#indexing-view-versus-copy
  self.obj[item] = s

W0429 09:15:17.985602 26107 generic.py:3287] /home/mainuser/.local/lib/python3.5/site-packages/pandas/core/indexing.py:543: SettingWithCopyWarning: 
A value is trying to be set on a copy of a slice from a DataFrame.
Try using .loc[row_indexer,col_indexer] = value instead

See the caveats in the documentation: http://pandas.pydata.org/pandas-docs/stable/indexing.html#indexing-view-versus-copy
  self.obj[item] = s

W0429 09:15:24.925614 26107 forest.py:246] /home/mainuser/.local/lib/python3.5/site-packages/sklearn/ensemble/forest.py:246: FutureWarning: The default value of n_estimators will change from 10 in version 0.20 to 100 in 0.22.
  "10 in version 0.20 to 100 in 0.22.", FutureWarning)

W0429 09:15:25.821996 26107 generic.py:3287] /home/mainuser/.local/lib/python3.5/site-packages/pandas/core/indexing.py:543: SettingWithCopyWarning: 
A value is trying to be set on a copy of a slice from a DataFrame.
Try using .loc[row_indexer,col_indexer] = value instead

See the caveats in the documentation: http://pandas.pydata.org/pandas-docs/stable/indexing.html#indexing-view-versus-copy
  self.obj[item] = s

W0429 09:15:33.688782 26107 generic.py:3287] /home/mainuser/.local/lib/python3.5/site-packages/pandas/core/indexing.py:543: SettingWithCopyWarning: 
A value is trying to be set on a copy of a slice from a DataFrame.
Try using .loc[row_indexer,col_indexer] = value instead

See the caveats in the documentation: http://pandas.pydata.org/pandas-docs/stable/indexing.html#indexing-view-versus-copy
  self.obj[item] = s

W0429 09:15:41.611471 26107 generic.py:3287] /home/mainuser/.local/lib/python3.5/site-packages/pandas/core/indexing.py:543: SettingWithCopyWarning: 
A value is trying to be set on a copy of a slice from a DataFrame.
Try using .loc[row_indexer,col_indexer] = value instead

See the caveats in the documentation: http://pandas.pydata.org/pandas-docs/stable/indexing.html#indexing-view-versus-copy
  self.obj[item] = s

W0429 09:15:49.655385 26107 generic.py:3287] /home/mainuser/.local/lib/python3.5/site-packages/pandas/core/indexing.py:543: SettingWithCopyWarning: 
A value is trying to be set on a copy of a slice from a DataFrame.
Try using .loc[row_indexer,col_indexer] = value instead

See the caveats in the documentation: http://pandas.pydata.org/pandas-docs/stable/indexing.html#indexing-view-versus-copy
  self.obj[item] = s

W0429 09:15:57.361819 26107 generic.py:3287] /home/mainuser/.local/lib/python3.5/site-packages/pandas/core/indexing.py:543: SettingWithCopyWarning: 
A value is trying to be set on a copy of a slice from a DataFrame.
Try using .loc[row_indexer,col_indexer] = value instead

See the caveats in the documentation: http://pandas.pydata.org/pandas-docs/stable/indexing.html#indexing-view-versus-copy
  self.obj[item] = s

W0429 09:16:04.249320 26107 forest.py:246] /home/mainuser/.local/lib/python3.5/site-packages/sklearn/ensemble/forest.py:246: FutureWarning: The default value of n_estimators will change from 10 in version 0.20 to 100 in 0.22.
  "10 in version 0.20 to 100 in 0.22.", FutureWarning)

W0429 09:16:05.145791 26107 generic.py:3287] /home/mainuser/.local/lib/python3.5/site-packages/pandas/core/indexing.py:543: SettingWithCopyWarning: 
A value is trying to be set on a copy of a slice from a DataFrame.
Try using .loc[row_indexer,col_indexer] = value instead

See the caveats in the documentation: http://pandas.pydata.org/pandas-docs/stable/indexing.html#indexing-view-versus-copy
  self.obj[item] = s

W0429 09:16:13.086946 26107 generic.py:3287] /home/mainuser/.local/lib/python3.5/site-packages/pandas/core/indexing.py:543: SettingWithCopyWarning: 
A value is trying to be set on a copy of a slice from a DataFrame.
Try using .loc[row_indexer,col_indexer] = value instead

See the caveats in the documentation: http://pandas.pydata.org/pandas-docs/stable/indexing.html#indexing-view-versus-copy
  self.obj[item] = s

W0429 09:16:21.306410 26107 generic.py:3287] /home/mainuser/.local/lib/python3.5/site-packages/pandas/core/indexing.py:543: SettingWithCopyWarning: 
A value is trying to be set on a copy of a slice from a DataFrame.
Try using .loc[row_indexer,col_indexer] = value instead

See the caveats in the documentation: http://pandas.pydata.org/pandas-docs/stable/indexing.html#indexing-view-versus-copy
  self.obj[item] = s

W0429 09:16:29.521316 26107 generic.py:3287] /home/mainuser/.local/lib/python3.5/site-packages/pandas/core/indexing.py:543: SettingWithCopyWarning: 
A value is trying to be set on a copy of a slice from a DataFrame.
Try using .loc[row_indexer,col_indexer] = value instead

See the caveats in the documentation: http://pandas.pydata.org/pandas-docs/stable/indexing.html#indexing-view-versus-copy
  self.obj[item] = s

W0429 09:16:37.286949 26107 generic.py:3287] /home/mainuser/.local/lib/python3.5/site-packages/pandas/core/indexing.py:543: SettingWithCopyWarning: 
A value is trying to be set on a copy of a slice from a DataFrame.
Try using .loc[row_indexer,col_indexer] = value instead

See the caveats in the documentation: http://pandas.pydata.org/pandas-docs/stable/indexing.html#indexing-view-versus-copy
  self.obj[item] = s

W0429 09:16:44.151291 26107 forest.py:246] /home/mainuser/.local/lib/python3.5/site-packages/sklearn/ensemble/forest.py:246: FutureWarning: The default value of n_estimators will change from 10 in version 0.20 to 100 in 0.22.
  "10 in version 0.20 to 100 in 0.22.", FutureWarning)

W0429 09:16:45.055587 26107 generic.py:3287] /home/mainuser/.local/lib/python3.5/site-packages/pandas/core/indexing.py:543: SettingWithCopyWarning: 
A value is trying to be set on a copy of a slice from a DataFrame.
Try using .loc[row_indexer,col_indexer] = value instead

See the caveats in the documentation: http://pandas.pydata.org/pandas-docs/stable/indexing.html#indexing-view-versus-copy
  self.obj[item] = s

W0429 09:16:52.805508 26107 generic.py:3287] /home/mainuser/.local/lib/python3.5/site-packages/pandas/core/indexing.py:543: SettingWithCopyWarning: 
A value is trying to be set on a copy of a slice from a DataFrame.
Try using .loc[row_indexer,col_indexer] = value instead

See the caveats in the documentation: http://pandas.pydata.org/pandas-docs/stable/indexing.html#indexing-view-versus-copy
  self.obj[item] = s

W0429 09:17:00.541003 26107 generic.py:3287] /home/mainuser/.local/lib/python3.5/site-packages/pandas/core/indexing.py:543: SettingWithCopyWarning: 
A value is trying to be set on a copy of a slice from a DataFrame.
Try using .loc[row_indexer,col_indexer] = value instead

See the caveats in the documentation: http://pandas.pydata.org/pandas-docs/stable/indexing.html#indexing-view-versus-copy
  self.obj[item] = s

W0429 09:17:08.334975 26107 generic.py:3287] /home/mainuser/.local/lib/python3.5/site-packages/pandas/core/indexing.py:543: SettingWithCopyWarning: 
A value is trying to be set on a copy of a slice from a DataFrame.
Try using .loc[row_indexer,col_indexer] = value instead

See the caveats in the documentation: http://pandas.pydata.org/pandas-docs/stable/indexing.html#indexing-view-versus-copy
  self.obj[item] = s

W0429 09:17:16.198547 26107 generic.py:3287] /home/mainuser/.local/lib/python3.5/site-packages/pandas/core/indexing.py:543: SettingWithCopyWarning: 
A value is trying to be set on a copy of a slice from a DataFrame.
Try using .loc[row_indexer,col_indexer] = value instead

See the caveats in the documentation: http://pandas.pydata.org/pandas-docs/stable/indexing.html#indexing-view-versus-copy
  self.obj[item] = s

W0429 09:17:23.106213 26107 forest.py:246] /home/mainuser/.local/lib/python3.5/site-packages/sklearn/ensemble/forest.py:246: FutureWarning: The default value of n_estimators will change from 10 in version 0.20 to 100 in 0.22.
  "10 in version 0.20 to 100 in 0.22.", FutureWarning)

W0429 09:17:24.031226 26107 generic.py:3287] /home/mainuser/.local/lib/python3.5/site-packages/pandas/core/indexing.py:543: SettingWithCopyWarning: 
A value is trying to be set on a copy of a slice from a DataFrame.
Try using .loc[row_indexer,col_indexer] = value instead

See the caveats in the documentation: http://pandas.pydata.org/pandas-docs/stable/indexing.html#indexing-view-versus-copy
  self.obj[item] = s

W0429 09:17:31.794470 26107 generic.py:3287] /home/mainuser/.local/lib/python3.5/site-packages/pandas/core/indexing.py:543: SettingWithCopyWarning: 
A value is trying to be set on a copy of a slice from a DataFrame.
Try using .loc[row_indexer,col_indexer] = value instead

See the caveats in the documentation: http://pandas.pydata.org/pandas-docs/stable/indexing.html#indexing-view-versus-copy
  self.obj[item] = s

W0429 09:17:39.669325 26107 generic.py:3287] /home/mainuser/.local/lib/python3.5/site-packages/pandas/core/indexing.py:543: SettingWithCopyWarning: 
A value is trying to be set on a copy of a slice from a DataFrame.
Try using .loc[row_indexer,col_indexer] = value instead

See the caveats in the documentation: http://pandas.pydata.org/pandas-docs/stable/indexing.html#indexing-view-versus-copy
  self.obj[item] = s

W0429 09:17:47.545059 26107 generic.py:3287] /home/mainuser/.local/lib/python3.5/site-packages/pandas/core/indexing.py:543: SettingWithCopyWarning: 
A value is trying to be set on a copy of a slice from a DataFrame.
Try using .loc[row_indexer,col_indexer] = value instead

See the caveats in the documentation: http://pandas.pydata.org/pandas-docs/stable/indexing.html#indexing-view-versus-copy
  self.obj[item] = s

W0429 09:17:55.299178 26107 generic.py:3287] /home/mainuser/.local/lib/python3.5/site-packages/pandas/core/indexing.py:543: SettingWithCopyWarning: 
A value is trying to be set on a copy of a slice from a DataFrame.
Try using .loc[row_indexer,col_indexer] = value instead

See the caveats in the documentation: http://pandas.pydata.org/pandas-docs/stable/indexing.html#indexing-view-versus-copy
  self.obj[item] = s

W0429 09:18:02.198124 26107 forest.py:246] /home/mainuser/.local/lib/python3.5/site-packages/sklearn/ensemble/forest.py:246: FutureWarning: The default value of n_estimators will change from 10 in version 0.20 to 100 in 0.22.
  "10 in version 0.20 to 100 in 0.22.", FutureWarning)

W0429 09:18:03.090983 26107 generic.py:3287] /home/mainuser/.local/lib/python3.5/site-packages/pandas/core/indexing.py:543: SettingWithCopyWarning: 
A value is trying to be set on a copy of a slice from a DataFrame.
Try using .loc[row_indexer,col_indexer] = value instead

See the caveats in the documentation: http://pandas.pydata.org/pandas-docs/stable/indexing.html#indexing-view-versus-copy
  self.obj[item] = s

W0429 09:18:10.899115 26107 generic.py:3287] /home/mainuser/.local/lib/python3.5/site-packages/pandas/core/indexing.py:543: SettingWithCopyWarning: 
A value is trying to be set on a copy of a slice from a DataFrame.
Try using .loc[row_indexer,col_indexer] = value instead

See the caveats in the documentation: http://pandas.pydata.org/pandas-docs/stable/indexing.html#indexing-view-versus-copy
  self.obj[item] = s

W0429 09:18:18.681071 26107 generic.py:3287] /home/mainuser/.local/lib/python3.5/site-packages/pandas/core/indexing.py:543: SettingWithCopyWarning: 
A value is trying to be set on a copy of a slice from a DataFrame.
Try using .loc[row_indexer,col_indexer] = value instead

See the caveats in the documentation: http://pandas.pydata.org/pandas-docs/stable/indexing.html#indexing-view-versus-copy
  self.obj[item] = s

W0429 09:18:26.572767 26107 generic.py:3287] /home/mainuser/.local/lib/python3.5/site-packages/pandas/core/indexing.py:543: SettingWithCopyWarning: 
A value is trying to be set on a copy of a slice from a DataFrame.
Try using .loc[row_indexer,col_indexer] = value instead

See the caveats in the documentation: http://pandas.pydata.org/pandas-docs/stable/indexing.html#indexing-view-versus-copy
  self.obj[item] = s

W0429 09:18:34.321254 26107 generic.py:3287] /home/mainuser/.local/lib/python3.5/site-packages/pandas/core/indexing.py:543: SettingWithCopyWarning: 
A value is trying to be set on a copy of a slice from a DataFrame.
Try using .loc[row_indexer,col_indexer] = value instead

See the caveats in the documentation: http://pandas.pydata.org/pandas-docs/stable/indexing.html#indexing-view-versus-copy
  self.obj[item] = s

W0429 09:18:41.201676 26107 forest.py:246] /home/mainuser/.local/lib/python3.5/site-packages/sklearn/ensemble/forest.py:246: FutureWarning: The default value of n_estimators will change from 10 in version 0.20 to 100 in 0.22.
  "10 in version 0.20 to 100 in 0.22.", FutureWarning)

W0429 09:18:42.106355 26107 generic.py:3287] /home/mainuser/.local/lib/python3.5/site-packages/pandas/core/indexing.py:543: SettingWithCopyWarning: 
A value is trying to be set on a copy of a slice from a DataFrame.
Try using .loc[row_indexer,col_indexer] = value instead

See the caveats in the documentation: http://pandas.pydata.org/pandas-docs/stable/indexing.html#indexing-view-versus-copy
  self.obj[item] = s

W0429 09:18:49.959768 26107 generic.py:3287] /home/mainuser/.local/lib/python3.5/site-packages/pandas/core/indexing.py:543: SettingWithCopyWarning: 
A value is trying to be set on a copy of a slice from a DataFrame.
Try using .loc[row_indexer,col_indexer] = value instead

See the caveats in the documentation: http://pandas.pydata.org/pandas-docs/stable/indexing.html#indexing-view-versus-copy
  self.obj[item] = s

W0429 09:18:57.847665 26107 generic.py:3287] /home/mainuser/.local/lib/python3.5/site-packages/pandas/core/indexing.py:543: SettingWithCopyWarning: 
A value is trying to be set on a copy of a slice from a DataFrame.
Try using .loc[row_indexer,col_indexer] = value instead

See the caveats in the documentation: http://pandas.pydata.org/pandas-docs/stable/indexing.html#indexing-view-versus-copy
  self.obj[item] = s

W0429 09:19:05.657561 26107 generic.py:3287] /home/mainuser/.local/lib/python3.5/site-packages/pandas/core/indexing.py:543: SettingWithCopyWarning: 
A value is trying to be set on a copy of a slice from a DataFrame.
Try using .loc[row_indexer,col_indexer] = value instead

See the caveats in the documentation: http://pandas.pydata.org/pandas-docs/stable/indexing.html#indexing-view-versus-copy
  self.obj[item] = s

W0429 09:19:13.562100 26107 generic.py:3287] /home/mainuser/.local/lib/python3.5/site-packages/pandas/core/indexing.py:543: SettingWithCopyWarning: 
A value is trying to be set on a copy of a slice from a DataFrame.
Try using .loc[row_indexer,col_indexer] = value instead

See the caveats in the documentation: http://pandas.pydata.org/pandas-docs/stable/indexing.html#indexing-view-versus-copy
  self.obj[item] = s

W0429 09:19:20.453083 26107 forest.py:246] /home/mainuser/.local/lib/python3.5/site-packages/sklearn/ensemble/forest.py:246: FutureWarning: The default value of n_estimators will change from 10 in version 0.20 to 100 in 0.22.
  "10 in version 0.20 to 100 in 0.22.", FutureWarning)

W0429 09:19:21.358344 26107 generic.py:3287] /home/mainuser/.local/lib/python3.5/site-packages/pandas/core/indexing.py:543: SettingWithCopyWarning: 
A value is trying to be set on a copy of a slice from a DataFrame.
Try using .loc[row_indexer,col_indexer] = value instead

See the caveats in the documentation: http://pandas.pydata.org/pandas-docs/stable/indexing.html#indexing-view-versus-copy
  self.obj[item] = s

W0429 09:19:29.162695 26107 generic.py:3287] /home/mainuser/.local/lib/python3.5/site-packages/pandas/core/indexing.py:543: SettingWithCopyWarning: 
A value is trying to be set on a copy of a slice from a DataFrame.
Try using .loc[row_indexer,col_indexer] = value instead

See the caveats in the documentation: http://pandas.pydata.org/pandas-docs/stable/indexing.html#indexing-view-versus-copy
  self.obj[item] = s

W0429 09:19:37.043835 26107 generic.py:3287] /home/mainuser/.local/lib/python3.5/site-packages/pandas/core/indexing.py:543: SettingWithCopyWarning: 
A value is trying to be set on a copy of a slice from a DataFrame.
Try using .loc[row_indexer,col_indexer] = value instead

See the caveats in the documentation: http://pandas.pydata.org/pandas-docs/stable/indexing.html#indexing-view-versus-copy
  self.obj[item] = s

W0429 09:19:44.862107 26107 generic.py:3287] /home/mainuser/.local/lib/python3.5/site-packages/pandas/core/indexing.py:543: SettingWithCopyWarning: 
A value is trying to be set on a copy of a slice from a DataFrame.
Try using .loc[row_indexer,col_indexer] = value instead

See the caveats in the documentation: http://pandas.pydata.org/pandas-docs/stable/indexing.html#indexing-view-versus-copy
  self.obj[item] = s

W0429 09:19:52.682276 26107 generic.py:3287] /home/mainuser/.local/lib/python3.5/site-packages/pandas/core/indexing.py:543: SettingWithCopyWarning: 
A value is trying to be set on a copy of a slice from a DataFrame.
Try using .loc[row_indexer,col_indexer] = value instead

See the caveats in the documentation: http://pandas.pydata.org/pandas-docs/stable/indexing.html#indexing-view-versus-copy
  self.obj[item] = s

W0429 09:19:59.550735 26107 forest.py:246] /home/mainuser/.local/lib/python3.5/site-packages/sklearn/ensemble/forest.py:246: FutureWarning: The default value of n_estimators will change from 10 in version 0.20 to 100 in 0.22.
  "10 in version 0.20 to 100 in 0.22.", FutureWarning)

W0429 09:20:00.451251 26107 generic.py:3287] /home/mainuser/.local/lib/python3.5/site-packages/pandas/core/indexing.py:543: SettingWithCopyWarning: 
A value is trying to be set on a copy of a slice from a DataFrame.
Try using .loc[row_indexer,col_indexer] = value instead

See the caveats in the documentation: http://pandas.pydata.org/pandas-docs/stable/indexing.html#indexing-view-versus-copy
  self.obj[item] = s

W0429 09:20:08.285686 26107 generic.py:3287] /home/mainuser/.local/lib/python3.5/site-packages/pandas/core/indexing.py:543: SettingWithCopyWarning: 
A value is trying to be set on a copy of a slice from a DataFrame.
Try using .loc[row_indexer,col_indexer] = value instead

See the caveats in the documentation: http://pandas.pydata.org/pandas-docs/stable/indexing.html#indexing-view-versus-copy
  self.obj[item] = s

W0429 09:20:16.060393 26107 generic.py:3287] /home/mainuser/.local/lib/python3.5/site-packages/pandas/core/indexing.py:543: SettingWithCopyWarning: 
A value is trying to be set on a copy of a slice from a DataFrame.
Try using .loc[row_indexer,col_indexer] = value instead

See the caveats in the documentation: http://pandas.pydata.org/pandas-docs/stable/indexing.html#indexing-view-versus-copy
  self.obj[item] = s

W0429 09:20:23.921875 26107 generic.py:3287] /home/mainuser/.local/lib/python3.5/site-packages/pandas/core/indexing.py:543: SettingWithCopyWarning: 
A value is trying to be set on a copy of a slice from a DataFrame.
Try using .loc[row_indexer,col_indexer] = value instead

See the caveats in the documentation: http://pandas.pydata.org/pandas-docs/stable/indexing.html#indexing-view-versus-copy
  self.obj[item] = s

W0429 09:20:31.760392 26107 generic.py:3287] /home/mainuser/.local/lib/python3.5/site-packages/pandas/core/indexing.py:543: SettingWithCopyWarning: 
A value is trying to be set on a copy of a slice from a DataFrame.
Try using .loc[row_indexer,col_indexer] = value instead

See the caveats in the documentation: http://pandas.pydata.org/pandas-docs/stable/indexing.html#indexing-view-versus-copy
  self.obj[item] = s

W0429 09:20:38.606899 26107 forest.py:246] /home/mainuser/.local/lib/python3.5/site-packages/sklearn/ensemble/forest.py:246: FutureWarning: The default value of n_estimators will change from 10 in version 0.20 to 100 in 0.22.
  "10 in version 0.20 to 100 in 0.22.", FutureWarning)

W0429 09:20:39.511415 26107 generic.py:3287] /home/mainuser/.local/lib/python3.5/site-packages/pandas/core/indexing.py:543: SettingWithCopyWarning: 
A value is trying to be set on a copy of a slice from a DataFrame.
Try using .loc[row_indexer,col_indexer] = value instead

See the caveats in the documentation: http://pandas.pydata.org/pandas-docs/stable/indexing.html#indexing-view-versus-copy
  self.obj[item] = s

W0429 09:20:47.255685 26107 generic.py:3287] /home/mainuser/.local/lib/python3.5/site-packages/pandas/core/indexing.py:543: SettingWithCopyWarning: 
A value is trying to be set on a copy of a slice from a DataFrame.
Try using .loc[row_indexer,col_indexer] = value instead

See the caveats in the documentation: http://pandas.pydata.org/pandas-docs/stable/indexing.html#indexing-view-versus-copy
  self.obj[item] = s

W0429 09:20:55.076052 26107 generic.py:3287] /home/mainuser/.local/lib/python3.5/site-packages/pandas/core/indexing.py:543: SettingWithCopyWarning: 
A value is trying to be set on a copy of a slice from a DataFrame.
Try using .loc[row_indexer,col_indexer] = value instead

See the caveats in the documentation: http://pandas.pydata.org/pandas-docs/stable/indexing.html#indexing-view-versus-copy
  self.obj[item] = s

W0429 09:21:02.844885 26107 generic.py:3287] /home/mainuser/.local/lib/python3.5/site-packages/pandas/core/indexing.py:543: SettingWithCopyWarning: 
A value is trying to be set on a copy of a slice from a DataFrame.
Try using .loc[row_indexer,col_indexer] = value instead

See the caveats in the documentation: http://pandas.pydata.org/pandas-docs/stable/indexing.html#indexing-view-versus-copy
  self.obj[item] = s

W0429 09:21:10.768136 26107 generic.py:3287] /home/mainuser/.local/lib/python3.5/site-packages/pandas/core/indexing.py:543: SettingWithCopyWarning: 
A value is trying to be set on a copy of a slice from a DataFrame.
Try using .loc[row_indexer,col_indexer] = value instead

See the caveats in the documentation: http://pandas.pydata.org/pandas-docs/stable/indexing.html#indexing-view-versus-copy
  self.obj[item] = s

W0429 09:21:17.883893 26107 forest.py:246] /home/mainuser/.local/lib/python3.5/site-packages/sklearn/ensemble/forest.py:246: FutureWarning: The default value of n_estimators will change from 10 in version 0.20 to 100 in 0.22.
  "10 in version 0.20 to 100 in 0.22.", FutureWarning)

W0429 09:21:18.773476 26107 generic.py:3287] /home/mainuser/.local/lib/python3.5/site-packages/pandas/core/indexing.py:543: SettingWithCopyWarning: 
A value is trying to be set on a copy of a slice from a DataFrame.
Try using .loc[row_indexer,col_indexer] = value instead

See the caveats in the documentation: http://pandas.pydata.org/pandas-docs/stable/indexing.html#indexing-view-versus-copy
  self.obj[item] = s

W0429 09:21:26.504427 26107 generic.py:3287] /home/mainuser/.local/lib/python3.5/site-packages/pandas/core/indexing.py:543: SettingWithCopyWarning: 
A value is trying to be set on a copy of a slice from a DataFrame.
Try using .loc[row_indexer,col_indexer] = value instead

See the caveats in the documentation: http://pandas.pydata.org/pandas-docs/stable/indexing.html#indexing-view-versus-copy
  self.obj[item] = s

W0429 09:21:34.231412 26107 generic.py:3287] /home/mainuser/.local/lib/python3.5/site-packages/pandas/core/indexing.py:543: SettingWithCopyWarning: 
A value is trying to be set on a copy of a slice from a DataFrame.
Try using .loc[row_indexer,col_indexer] = value instead

See the caveats in the documentation: http://pandas.pydata.org/pandas-docs/stable/indexing.html#indexing-view-versus-copy
  self.obj[item] = s

W0429 09:21:42.113647 26107 generic.py:3287] /home/mainuser/.local/lib/python3.5/site-packages/pandas/core/indexing.py:543: SettingWithCopyWarning: 
A value is trying to be set on a copy of a slice from a DataFrame.
Try using .loc[row_indexer,col_indexer] = value instead

See the caveats in the documentation: http://pandas.pydata.org/pandas-docs/stable/indexing.html#indexing-view-versus-copy
  self.obj[item] = s

W0429 09:21:49.871094 26107 generic.py:3287] /home/mainuser/.local/lib/python3.5/site-packages/pandas/core/indexing.py:543: SettingWithCopyWarning: 
A value is trying to be set on a copy of a slice from a DataFrame.
Try using .loc[row_indexer,col_indexer] = value instead

See the caveats in the documentation: http://pandas.pydata.org/pandas-docs/stable/indexing.html#indexing-view-versus-copy
  self.obj[item] = s

W0429 09:21:56.730991 26107 forest.py:246] /home/mainuser/.local/lib/python3.5/site-packages/sklearn/ensemble/forest.py:246: FutureWarning: The default value of n_estimators will change from 10 in version 0.20 to 100 in 0.22.
  "10 in version 0.20 to 100 in 0.22.", FutureWarning)

W0429 09:21:57.614470 26107 generic.py:3287] /home/mainuser/.local/lib/python3.5/site-packages/pandas/core/indexing.py:543: SettingWithCopyWarning: 
A value is trying to be set on a copy of a slice from a DataFrame.
Try using .loc[row_indexer,col_indexer] = value instead

See the caveats in the documentation: http://pandas.pydata.org/pandas-docs/stable/indexing.html#indexing-view-versus-copy
  self.obj[item] = s

W0429 09:22:05.352469 26107 generic.py:3287] /home/mainuser/.local/lib/python3.5/site-packages/pandas/core/indexing.py:543: SettingWithCopyWarning: 
A value is trying to be set on a copy of a slice from a DataFrame.
Try using .loc[row_indexer,col_indexer] = value instead

See the caveats in the documentation: http://pandas.pydata.org/pandas-docs/stable/indexing.html#indexing-view-versus-copy
  self.obj[item] = s

W0429 09:22:13.151454 26107 generic.py:3287] /home/mainuser/.local/lib/python3.5/site-packages/pandas/core/indexing.py:543: SettingWithCopyWarning: 
A value is trying to be set on a copy of a slice from a DataFrame.
Try using .loc[row_indexer,col_indexer] = value instead

See the caveats in the documentation: http://pandas.pydata.org/pandas-docs/stable/indexing.html#indexing-view-versus-copy
  self.obj[item] = s

W0429 09:22:20.888987 26107 generic.py:3287] /home/mainuser/.local/lib/python3.5/site-packages/pandas/core/indexing.py:543: SettingWithCopyWarning: 
A value is trying to be set on a copy of a slice from a DataFrame.
Try using .loc[row_indexer,col_indexer] = value instead

See the caveats in the documentation: http://pandas.pydata.org/pandas-docs/stable/indexing.html#indexing-view-versus-copy
  self.obj[item] = s

W0429 09:22:28.614526 26107 generic.py:3287] /home/mainuser/.local/lib/python3.5/site-packages/pandas/core/indexing.py:543: SettingWithCopyWarning: 
A value is trying to be set on a copy of a slice from a DataFrame.
Try using .loc[row_indexer,col_indexer] = value instead

See the caveats in the documentation: http://pandas.pydata.org/pandas-docs/stable/indexing.html#indexing-view-versus-copy
  self.obj[item] = s

W0429 09:22:35.479266 26107 forest.py:246] /home/mainuser/.local/lib/python3.5/site-packages/sklearn/ensemble/forest.py:246: FutureWarning: The default value of n_estimators will change from 10 in version 0.20 to 100 in 0.22.
  "10 in version 0.20 to 100 in 0.22.", FutureWarning)

W0429 09:22:36.390877 26107 generic.py:3287] /home/mainuser/.local/lib/python3.5/site-packages/pandas/core/indexing.py:543: SettingWithCopyWarning: 
A value is trying to be set on a copy of a slice from a DataFrame.
Try using .loc[row_indexer,col_indexer] = value instead

See the caveats in the documentation: http://pandas.pydata.org/pandas-docs/stable/indexing.html#indexing-view-versus-copy
  self.obj[item] = s

W0429 09:22:44.200208 26107 generic.py:3287] /home/mainuser/.local/lib/python3.5/site-packages/pandas/core/indexing.py:543: SettingWithCopyWarning: 
A value is trying to be set on a copy of a slice from a DataFrame.
Try using .loc[row_indexer,col_indexer] = value instead

See the caveats in the documentation: http://pandas.pydata.org/pandas-docs/stable/indexing.html#indexing-view-versus-copy
  self.obj[item] = s

W0429 09:22:52.052639 26107 generic.py:3287] /home/mainuser/.local/lib/python3.5/site-packages/pandas/core/indexing.py:543: SettingWithCopyWarning: 
A value is trying to be set on a copy of a slice from a DataFrame.
Try using .loc[row_indexer,col_indexer] = value instead

See the caveats in the documentation: http://pandas.pydata.org/pandas-docs/stable/indexing.html#indexing-view-versus-copy
  self.obj[item] = s

W0429 09:22:59.771857 26107 generic.py:3287] /home/mainuser/.local/lib/python3.5/site-packages/pandas/core/indexing.py:543: SettingWithCopyWarning: 
A value is trying to be set on a copy of a slice from a DataFrame.
Try using .loc[row_indexer,col_indexer] = value instead

See the caveats in the documentation: http://pandas.pydata.org/pandas-docs/stable/indexing.html#indexing-view-versus-copy
  self.obj[item] = s

W0429 09:23:07.507810 26107 generic.py:3287] /home/mainuser/.local/lib/python3.5/site-packages/pandas/core/indexing.py:543: SettingWithCopyWarning: 
A value is trying to be set on a copy of a slice from a DataFrame.
Try using .loc[row_indexer,col_indexer] = value instead

See the caveats in the documentation: http://pandas.pydata.org/pandas-docs/stable/indexing.html#indexing-view-versus-copy
  self.obj[item] = s

W0429 09:23:14.348323 26107 forest.py:246] /home/mainuser/.local/lib/python3.5/site-packages/sklearn/ensemble/forest.py:246: FutureWarning: The default value of n_estimators will change from 10 in version 0.20 to 100 in 0.22.
  "10 in version 0.20 to 100 in 0.22.", FutureWarning)

W0429 09:23:15.251577 26107 generic.py:3287] /home/mainuser/.local/lib/python3.5/site-packages/pandas/core/indexing.py:543: SettingWithCopyWarning: 
A value is trying to be set on a copy of a slice from a DataFrame.
Try using .loc[row_indexer,col_indexer] = value instead

See the caveats in the documentation: http://pandas.pydata.org/pandas-docs/stable/indexing.html#indexing-view-versus-copy
  self.obj[item] = s

W0429 09:23:22.946354 26107 generic.py:3287] /home/mainuser/.local/lib/python3.5/site-packages/pandas/core/indexing.py:543: SettingWithCopyWarning: 
A value is trying to be set on a copy of a slice from a DataFrame.
Try using .loc[row_indexer,col_indexer] = value instead

See the caveats in the documentation: http://pandas.pydata.org/pandas-docs/stable/indexing.html#indexing-view-versus-copy
  self.obj[item] = s

W0429 09:23:30.640009 26107 generic.py:3287] /home/mainuser/.local/lib/python3.5/site-packages/pandas/core/indexing.py:543: SettingWithCopyWarning: 
A value is trying to be set on a copy of a slice from a DataFrame.
Try using .loc[row_indexer,col_indexer] = value instead

See the caveats in the documentation: http://pandas.pydata.org/pandas-docs/stable/indexing.html#indexing-view-versus-copy
  self.obj[item] = s

W0429 09:23:38.369851 26107 generic.py:3287] /home/mainuser/.local/lib/python3.5/site-packages/pandas/core/indexing.py:543: SettingWithCopyWarning: 
A value is trying to be set on a copy of a slice from a DataFrame.
Try using .loc[row_indexer,col_indexer] = value instead

See the caveats in the documentation: http://pandas.pydata.org/pandas-docs/stable/indexing.html#indexing-view-versus-copy
  self.obj[item] = s

W0429 09:23:46.101143 26107 generic.py:3287] /home/mainuser/.local/lib/python3.5/site-packages/pandas/core/indexing.py:543: SettingWithCopyWarning: 
A value is trying to be set on a copy of a slice from a DataFrame.
Try using .loc[row_indexer,col_indexer] = value instead

See the caveats in the documentation: http://pandas.pydata.org/pandas-docs/stable/indexing.html#indexing-view-versus-copy
  self.obj[item] = s

W0429 09:23:52.923705 26107 forest.py:246] /home/mainuser/.local/lib/python3.5/site-packages/sklearn/ensemble/forest.py:246: FutureWarning: The default value of n_estimators will change from 10 in version 0.20 to 100 in 0.22.
  "10 in version 0.20 to 100 in 0.22.", FutureWarning)

W0429 09:23:53.801440 26107 generic.py:3287] /home/mainuser/.local/lib/python3.5/site-packages/pandas/core/indexing.py:543: SettingWithCopyWarning: 
A value is trying to be set on a copy of a slice from a DataFrame.
Try using .loc[row_indexer,col_indexer] = value instead

See the caveats in the documentation: http://pandas.pydata.org/pandas-docs/stable/indexing.html#indexing-view-versus-copy
  self.obj[item] = s

W0429 09:24:01.986139 26107 generic.py:3287] /home/mainuser/.local/lib/python3.5/site-packages/pandas/core/indexing.py:543: SettingWithCopyWarning: 
A value is trying to be set on a copy of a slice from a DataFrame.
Try using .loc[row_indexer,col_indexer] = value instead

See the caveats in the documentation: http://pandas.pydata.org/pandas-docs/stable/indexing.html#indexing-view-versus-copy
  self.obj[item] = s

W0429 09:24:10.182226 26107 generic.py:3287] /home/mainuser/.local/lib/python3.5/site-packages/pandas/core/indexing.py:543: SettingWithCopyWarning: 
A value is trying to be set on a copy of a slice from a DataFrame.
Try using .loc[row_indexer,col_indexer] = value instead

See the caveats in the documentation: http://pandas.pydata.org/pandas-docs/stable/indexing.html#indexing-view-versus-copy
  self.obj[item] = s

W0429 09:24:17.912274 26107 generic.py:3287] /home/mainuser/.local/lib/python3.5/site-packages/pandas/core/indexing.py:543: SettingWithCopyWarning: 
A value is trying to be set on a copy of a slice from a DataFrame.
Try using .loc[row_indexer,col_indexer] = value instead

See the caveats in the documentation: http://pandas.pydata.org/pandas-docs/stable/indexing.html#indexing-view-versus-copy
  self.obj[item] = s

W0429 09:24:25.628247 26107 generic.py:3287] /home/mainuser/.local/lib/python3.5/site-packages/pandas/core/indexing.py:543: SettingWithCopyWarning: 
A value is trying to be set on a copy of a slice from a DataFrame.
Try using .loc[row_indexer,col_indexer] = value instead

See the caveats in the documentation: http://pandas.pydata.org/pandas-docs/stable/indexing.html#indexing-view-versus-copy
  self.obj[item] = s

W0429 09:24:32.493993 26107 forest.py:246] /home/mainuser/.local/lib/python3.5/site-packages/sklearn/ensemble/forest.py:246: FutureWarning: The default value of n_estimators will change from 10 in version 0.20 to 100 in 0.22.
  "10 in version 0.20 to 100 in 0.22.", FutureWarning)

W0429 09:24:33.384353 26107 generic.py:3287] /home/mainuser/.local/lib/python3.5/site-packages/pandas/core/indexing.py:543: SettingWithCopyWarning: 
A value is trying to be set on a copy of a slice from a DataFrame.
Try using .loc[row_indexer,col_indexer] = value instead

See the caveats in the documentation: http://pandas.pydata.org/pandas-docs/stable/indexing.html#indexing-view-versus-copy
  self.obj[item] = s

W0429 09:24:41.124248 26107 generic.py:3287] /home/mainuser/.local/lib/python3.5/site-packages/pandas/core/indexing.py:543: SettingWithCopyWarning: 
A value is trying to be set on a copy of a slice from a DataFrame.
Try using .loc[row_indexer,col_indexer] = value instead

See the caveats in the documentation: http://pandas.pydata.org/pandas-docs/stable/indexing.html#indexing-view-versus-copy
  self.obj[item] = s

W0429 09:24:49.037302 26107 generic.py:3287] /home/mainuser/.local/lib/python3.5/site-packages/pandas/core/indexing.py:543: SettingWithCopyWarning: 
A value is trying to be set on a copy of a slice from a DataFrame.
Try using .loc[row_indexer,col_indexer] = value instead

See the caveats in the documentation: http://pandas.pydata.org/pandas-docs/stable/indexing.html#indexing-view-versus-copy
  self.obj[item] = s

W0429 09:24:56.788550 26107 generic.py:3287] /home/mainuser/.local/lib/python3.5/site-packages/pandas/core/indexing.py:543: SettingWithCopyWarning: 
A value is trying to be set on a copy of a slice from a DataFrame.
Try using .loc[row_indexer,col_indexer] = value instead

See the caveats in the documentation: http://pandas.pydata.org/pandas-docs/stable/indexing.html#indexing-view-versus-copy
  self.obj[item] = s

W0429 09:25:04.549616 26107 generic.py:3287] /home/mainuser/.local/lib/python3.5/site-packages/pandas/core/indexing.py:543: SettingWithCopyWarning: 
A value is trying to be set on a copy of a slice from a DataFrame.
Try using .loc[row_indexer,col_indexer] = value instead

See the caveats in the documentation: http://pandas.pydata.org/pandas-docs/stable/indexing.html#indexing-view-versus-copy
  self.obj[item] = s

W0429 09:25:11.402912 26107 forest.py:246] /home/mainuser/.local/lib/python3.5/site-packages/sklearn/ensemble/forest.py:246: FutureWarning: The default value of n_estimators will change from 10 in version 0.20 to 100 in 0.22.
  "10 in version 0.20 to 100 in 0.22.", FutureWarning)

W0429 09:25:12.298774 26107 generic.py:3287] /home/mainuser/.local/lib/python3.5/site-packages/pandas/core/indexing.py:543: SettingWithCopyWarning: 
A value is trying to be set on a copy of a slice from a DataFrame.
Try using .loc[row_indexer,col_indexer] = value instead

See the caveats in the documentation: http://pandas.pydata.org/pandas-docs/stable/indexing.html#indexing-view-versus-copy
  self.obj[item] = s

W0429 09:25:20.059856 26107 generic.py:3287] /home/mainuser/.local/lib/python3.5/site-packages/pandas/core/indexing.py:543: SettingWithCopyWarning: 
A value is trying to be set on a copy of a slice from a DataFrame.
Try using .loc[row_indexer,col_indexer] = value instead

See the caveats in the documentation: http://pandas.pydata.org/pandas-docs/stable/indexing.html#indexing-view-versus-copy
  self.obj[item] = s

W0429 09:25:27.802090 26107 generic.py:3287] /home/mainuser/.local/lib/python3.5/site-packages/pandas/core/indexing.py:543: SettingWithCopyWarning: 
A value is trying to be set on a copy of a slice from a DataFrame.
Try using .loc[row_indexer,col_indexer] = value instead

See the caveats in the documentation: http://pandas.pydata.org/pandas-docs/stable/indexing.html#indexing-view-versus-copy
  self.obj[item] = s

W0429 09:25:35.577135 26107 generic.py:3287] /home/mainuser/.local/lib/python3.5/site-packages/pandas/core/indexing.py:543: SettingWithCopyWarning: 
A value is trying to be set on a copy of a slice from a DataFrame.
Try using .loc[row_indexer,col_indexer] = value instead

See the caveats in the documentation: http://pandas.pydata.org/pandas-docs/stable/indexing.html#indexing-view-versus-copy
  self.obj[item] = s

W0429 09:25:43.342265 26107 generic.py:3287] /home/mainuser/.local/lib/python3.5/site-packages/pandas/core/indexing.py:543: SettingWithCopyWarning: 
A value is trying to be set on a copy of a slice from a DataFrame.
Try using .loc[row_indexer,col_indexer] = value instead

See the caveats in the documentation: http://pandas.pydata.org/pandas-docs/stable/indexing.html#indexing-view-versus-copy
  self.obj[item] = s

W0429 09:25:50.355257 26107 forest.py:246] /home/mainuser/.local/lib/python3.5/site-packages/sklearn/ensemble/forest.py:246: FutureWarning: The default value of n_estimators will change from 10 in version 0.20 to 100 in 0.22.
  "10 in version 0.20 to 100 in 0.22.", FutureWarning)

W0429 09:25:51.248504 26107 generic.py:3287] /home/mainuser/.local/lib/python3.5/site-packages/pandas/core/indexing.py:543: SettingWithCopyWarning: 
A value is trying to be set on a copy of a slice from a DataFrame.
Try using .loc[row_indexer,col_indexer] = value instead

See the caveats in the documentation: http://pandas.pydata.org/pandas-docs/stable/indexing.html#indexing-view-versus-copy
  self.obj[item] = s

W0429 09:25:59.132251 26107 generic.py:3287] /home/mainuser/.local/lib/python3.5/site-packages/pandas/core/indexing.py:543: SettingWithCopyWarning: 
A value is trying to be set on a copy of a slice from a DataFrame.
Try using .loc[row_indexer,col_indexer] = value instead

See the caveats in the documentation: http://pandas.pydata.org/pandas-docs/stable/indexing.html#indexing-view-versus-copy
  self.obj[item] = s

W0429 09:26:06.893446 26107 generic.py:3287] /home/mainuser/.local/lib/python3.5/site-packages/pandas/core/indexing.py:543: SettingWithCopyWarning: 
A value is trying to be set on a copy of a slice from a DataFrame.
Try using .loc[row_indexer,col_indexer] = value instead

See the caveats in the documentation: http://pandas.pydata.org/pandas-docs/stable/indexing.html#indexing-view-versus-copy
  self.obj[item] = s

W0429 09:26:14.579021 26107 generic.py:3287] /home/mainuser/.local/lib/python3.5/site-packages/pandas/core/indexing.py:543: SettingWithCopyWarning: 
A value is trying to be set on a copy of a slice from a DataFrame.
Try using .loc[row_indexer,col_indexer] = value instead

See the caveats in the documentation: http://pandas.pydata.org/pandas-docs/stable/indexing.html#indexing-view-versus-copy
  self.obj[item] = s

W0429 09:26:22.312237 26107 generic.py:3287] /home/mainuser/.local/lib/python3.5/site-packages/pandas/core/indexing.py:543: SettingWithCopyWarning: 
A value is trying to be set on a copy of a slice from a DataFrame.
Try using .loc[row_indexer,col_indexer] = value instead

See the caveats in the documentation: http://pandas.pydata.org/pandas-docs/stable/indexing.html#indexing-view-versus-copy
  self.obj[item] = s

W0429 09:26:29.234056 26107 forest.py:246] /home/mainuser/.local/lib/python3.5/site-packages/sklearn/ensemble/forest.py:246: FutureWarning: The default value of n_estimators will change from 10 in version 0.20 to 100 in 0.22.
  "10 in version 0.20 to 100 in 0.22.", FutureWarning)

W0429 09:26:30.119470 26107 generic.py:3287] /home/mainuser/.local/lib/python3.5/site-packages/pandas/core/indexing.py:543: SettingWithCopyWarning: 
A value is trying to be set on a copy of a slice from a DataFrame.
Try using .loc[row_indexer,col_indexer] = value instead

See the caveats in the documentation: http://pandas.pydata.org/pandas-docs/stable/indexing.html#indexing-view-versus-copy
  self.obj[item] = s

W0429 09:26:37.959709 26107 generic.py:3287] /home/mainuser/.local/lib/python3.5/site-packages/pandas/core/indexing.py:543: SettingWithCopyWarning: 
A value is trying to be set on a copy of a slice from a DataFrame.
Try using .loc[row_indexer,col_indexer] = value instead

See the caveats in the documentation: http://pandas.pydata.org/pandas-docs/stable/indexing.html#indexing-view-versus-copy
  self.obj[item] = s

W0429 09:26:45.788917 26107 generic.py:3287] /home/mainuser/.local/lib/python3.5/site-packages/pandas/core/indexing.py:543: SettingWithCopyWarning: 
A value is trying to be set on a copy of a slice from a DataFrame.
Try using .loc[row_indexer,col_indexer] = value instead

See the caveats in the documentation: http://pandas.pydata.org/pandas-docs/stable/indexing.html#indexing-view-versus-copy
  self.obj[item] = s

W0429 09:26:53.833209 26107 generic.py:3287] /home/mainuser/.local/lib/python3.5/site-packages/pandas/core/indexing.py:543: SettingWithCopyWarning: 
A value is trying to be set on a copy of a slice from a DataFrame.
Try using .loc[row_indexer,col_indexer] = value instead

See the caveats in the documentation: http://pandas.pydata.org/pandas-docs/stable/indexing.html#indexing-view-versus-copy
  self.obj[item] = s

W0429 09:27:01.642729 26107 generic.py:3287] /home/mainuser/.local/lib/python3.5/site-packages/pandas/core/indexing.py:543: SettingWithCopyWarning: 
A value is trying to be set on a copy of a slice from a DataFrame.
Try using .loc[row_indexer,col_indexer] = value instead

See the caveats in the documentation: http://pandas.pydata.org/pandas-docs/stable/indexing.html#indexing-view-versus-copy
  self.obj[item] = s

W0429 09:27:08.631272 26107 forest.py:246] /home/mainuser/.local/lib/python3.5/site-packages/sklearn/ensemble/forest.py:246: FutureWarning: The default value of n_estimators will change from 10 in version 0.20 to 100 in 0.22.
  "10 in version 0.20 to 100 in 0.22.", FutureWarning)

W0429 09:27:09.510748 26107 generic.py:3287] /home/mainuser/.local/lib/python3.5/site-packages/pandas/core/indexing.py:543: SettingWithCopyWarning: 
A value is trying to be set on a copy of a slice from a DataFrame.
Try using .loc[row_indexer,col_indexer] = value instead

See the caveats in the documentation: http://pandas.pydata.org/pandas-docs/stable/indexing.html#indexing-view-versus-copy
  self.obj[item] = s

W0429 09:27:17.383188 26107 generic.py:3287] /home/mainuser/.local/lib/python3.5/site-packages/pandas/core/indexing.py:543: SettingWithCopyWarning: 
A value is trying to be set on a copy of a slice from a DataFrame.
Try using .loc[row_indexer,col_indexer] = value instead

See the caveats in the documentation: http://pandas.pydata.org/pandas-docs/stable/indexing.html#indexing-view-versus-copy
  self.obj[item] = s

W0429 09:27:25.150358 26107 generic.py:3287] /home/mainuser/.local/lib/python3.5/site-packages/pandas/core/indexing.py:543: SettingWithCopyWarning: 
A value is trying to be set on a copy of a slice from a DataFrame.
Try using .loc[row_indexer,col_indexer] = value instead

See the caveats in the documentation: http://pandas.pydata.org/pandas-docs/stable/indexing.html#indexing-view-versus-copy
  self.obj[item] = s

W0429 09:27:32.851868 26107 generic.py:3287] /home/mainuser/.local/lib/python3.5/site-packages/pandas/core/indexing.py:543: SettingWithCopyWarning: 
A value is trying to be set on a copy of a slice from a DataFrame.
Try using .loc[row_indexer,col_indexer] = value instead

See the caveats in the documentation: http://pandas.pydata.org/pandas-docs/stable/indexing.html#indexing-view-versus-copy
  self.obj[item] = s

W0429 09:27:40.545486 26107 generic.py:3287] /home/mainuser/.local/lib/python3.5/site-packages/pandas/core/indexing.py:543: SettingWithCopyWarning: 
A value is trying to be set on a copy of a slice from a DataFrame.
Try using .loc[row_indexer,col_indexer] = value instead

See the caveats in the documentation: http://pandas.pydata.org/pandas-docs/stable/indexing.html#indexing-view-versus-copy
  self.obj[item] = s

W0429 09:27:47.427580 26107 forest.py:246] /home/mainuser/.local/lib/python3.5/site-packages/sklearn/ensemble/forest.py:246: FutureWarning: The default value of n_estimators will change from 10 in version 0.20 to 100 in 0.22.
  "10 in version 0.20 to 100 in 0.22.", FutureWarning)

W0429 09:27:48.306753 26107 generic.py:3287] /home/mainuser/.local/lib/python3.5/site-packages/pandas/core/indexing.py:543: SettingWithCopyWarning: 
A value is trying to be set on a copy of a slice from a DataFrame.
Try using .loc[row_indexer,col_indexer] = value instead

See the caveats in the documentation: http://pandas.pydata.org/pandas-docs/stable/indexing.html#indexing-view-versus-copy
  self.obj[item] = s

W0429 09:27:56.012928 26107 generic.py:3287] /home/mainuser/.local/lib/python3.5/site-packages/pandas/core/indexing.py:543: SettingWithCopyWarning: 
A value is trying to be set on a copy of a slice from a DataFrame.
Try using .loc[row_indexer,col_indexer] = value instead

See the caveats in the documentation: http://pandas.pydata.org/pandas-docs/stable/indexing.html#indexing-view-versus-copy
  self.obj[item] = s

W0429 09:28:03.704617 26107 generic.py:3287] /home/mainuser/.local/lib/python3.5/site-packages/pandas/core/indexing.py:543: SettingWithCopyWarning: 
A value is trying to be set on a copy of a slice from a DataFrame.
Try using .loc[row_indexer,col_indexer] = value instead

See the caveats in the documentation: http://pandas.pydata.org/pandas-docs/stable/indexing.html#indexing-view-versus-copy
  self.obj[item] = s

W0429 09:28:11.400624 26107 generic.py:3287] /home/mainuser/.local/lib/python3.5/site-packages/pandas/core/indexing.py:543: SettingWithCopyWarning: 
A value is trying to be set on a copy of a slice from a DataFrame.
Try using .loc[row_indexer,col_indexer] = value instead

See the caveats in the documentation: http://pandas.pydata.org/pandas-docs/stable/indexing.html#indexing-view-versus-copy
  self.obj[item] = s

W0429 09:28:19.124801 26107 generic.py:3287] /home/mainuser/.local/lib/python3.5/site-packages/pandas/core/indexing.py:543: SettingWithCopyWarning: 
A value is trying to be set on a copy of a slice from a DataFrame.
Try using .loc[row_indexer,col_indexer] = value instead

See the caveats in the documentation: http://pandas.pydata.org/pandas-docs/stable/indexing.html#indexing-view-versus-copy
  self.obj[item] = s

W0429 09:28:26.094391 26107 forest.py:246] /home/mainuser/.local/lib/python3.5/site-packages/sklearn/ensemble/forest.py:246: FutureWarning: The default value of n_estimators will change from 10 in version 0.20 to 100 in 0.22.
  "10 in version 0.20 to 100 in 0.22.", FutureWarning)

W0429 09:28:26.963817 26107 generic.py:3287] /home/mainuser/.local/lib/python3.5/site-packages/pandas/core/indexing.py:543: SettingWithCopyWarning: 
A value is trying to be set on a copy of a slice from a DataFrame.
Try using .loc[row_indexer,col_indexer] = value instead

See the caveats in the documentation: http://pandas.pydata.org/pandas-docs/stable/indexing.html#indexing-view-versus-copy
  self.obj[item] = s

W0429 09:28:34.641290 26107 generic.py:3287] /home/mainuser/.local/lib/python3.5/site-packages/pandas/core/indexing.py:543: SettingWithCopyWarning: 
A value is trying to be set on a copy of a slice from a DataFrame.
Try using .loc[row_indexer,col_indexer] = value instead

See the caveats in the documentation: http://pandas.pydata.org/pandas-docs/stable/indexing.html#indexing-view-versus-copy
  self.obj[item] = s

W0429 09:28:42.340861 26107 generic.py:3287] /home/mainuser/.local/lib/python3.5/site-packages/pandas/core/indexing.py:543: SettingWithCopyWarning: 
A value is trying to be set on a copy of a slice from a DataFrame.
Try using .loc[row_indexer,col_indexer] = value instead

See the caveats in the documentation: http://pandas.pydata.org/pandas-docs/stable/indexing.html#indexing-view-versus-copy
  self.obj[item] = s

W0429 09:28:50.123259 26107 generic.py:3287] /home/mainuser/.local/lib/python3.5/site-packages/pandas/core/indexing.py:543: SettingWithCopyWarning: 
A value is trying to be set on a copy of a slice from a DataFrame.
Try using .loc[row_indexer,col_indexer] = value instead

See the caveats in the documentation: http://pandas.pydata.org/pandas-docs/stable/indexing.html#indexing-view-versus-copy
  self.obj[item] = s

W0429 09:28:57.918226 26107 generic.py:3287] /home/mainuser/.local/lib/python3.5/site-packages/pandas/core/indexing.py:543: SettingWithCopyWarning: 
A value is trying to be set on a copy of a slice from a DataFrame.
Try using .loc[row_indexer,col_indexer] = value instead

See the caveats in the documentation: http://pandas.pydata.org/pandas-docs/stable/indexing.html#indexing-view-versus-copy
  self.obj[item] = s

W0429 09:29:04.831906 26107 forest.py:246] /home/mainuser/.local/lib/python3.5/site-packages/sklearn/ensemble/forest.py:246: FutureWarning: The default value of n_estimators will change from 10 in version 0.20 to 100 in 0.22.
  "10 in version 0.20 to 100 in 0.22.", FutureWarning)

W0429 09:29:05.702771 26107 generic.py:3287] /home/mainuser/.local/lib/python3.5/site-packages/pandas/core/indexing.py:543: SettingWithCopyWarning: 
A value is trying to be set on a copy of a slice from a DataFrame.
Try using .loc[row_indexer,col_indexer] = value instead

See the caveats in the documentation: http://pandas.pydata.org/pandas-docs/stable/indexing.html#indexing-view-versus-copy
  self.obj[item] = s

W0429 09:29:13.532526 26107 generic.py:3287] /home/mainuser/.local/lib/python3.5/site-packages/pandas/core/indexing.py:543: SettingWithCopyWarning: 
A value is trying to be set on a copy of a slice from a DataFrame.
Try using .loc[row_indexer,col_indexer] = value instead

See the caveats in the documentation: http://pandas.pydata.org/pandas-docs/stable/indexing.html#indexing-view-versus-copy
  self.obj[item] = s

W0429 09:29:21.242384 26107 generic.py:3287] /home/mainuser/.local/lib/python3.5/site-packages/pandas/core/indexing.py:543: SettingWithCopyWarning: 
A value is trying to be set on a copy of a slice from a DataFrame.
Try using .loc[row_indexer,col_indexer] = value instead

See the caveats in the documentation: http://pandas.pydata.org/pandas-docs/stable/indexing.html#indexing-view-versus-copy
  self.obj[item] = s

W0429 09:29:29.049715 26107 generic.py:3287] /home/mainuser/.local/lib/python3.5/site-packages/pandas/core/indexing.py:543: SettingWithCopyWarning: 
A value is trying to be set on a copy of a slice from a DataFrame.
Try using .loc[row_indexer,col_indexer] = value instead

See the caveats in the documentation: http://pandas.pydata.org/pandas-docs/stable/indexing.html#indexing-view-versus-copy
  self.obj[item] = s

W0429 09:29:36.763878 26107 generic.py:3287] /home/mainuser/.local/lib/python3.5/site-packages/pandas/core/indexing.py:543: SettingWithCopyWarning: 
A value is trying to be set on a copy of a slice from a DataFrame.
Try using .loc[row_indexer,col_indexer] = value instead

See the caveats in the documentation: http://pandas.pydata.org/pandas-docs/stable/indexing.html#indexing-view-versus-copy
  self.obj[item] = s

W0429 09:29:43.594487 26107 forest.py:246] /home/mainuser/.local/lib/python3.5/site-packages/sklearn/ensemble/forest.py:246: FutureWarning: The default value of n_estimators will change from 10 in version 0.20 to 100 in 0.22.
  "10 in version 0.20 to 100 in 0.22.", FutureWarning)

W0429 09:29:44.483302 26107 generic.py:3287] /home/mainuser/.local/lib/python3.5/site-packages/pandas/core/indexing.py:543: SettingWithCopyWarning: 
A value is trying to be set on a copy of a slice from a DataFrame.
Try using .loc[row_indexer,col_indexer] = value instead

See the caveats in the documentation: http://pandas.pydata.org/pandas-docs/stable/indexing.html#indexing-view-versus-copy
  self.obj[item] = s

W0429 09:29:52.190697 26107 generic.py:3287] /home/mainuser/.local/lib/python3.5/site-packages/pandas/core/indexing.py:543: SettingWithCopyWarning: 
A value is trying to be set on a copy of a slice from a DataFrame.
Try using .loc[row_indexer,col_indexer] = value instead

See the caveats in the documentation: http://pandas.pydata.org/pandas-docs/stable/indexing.html#indexing-view-versus-copy
  self.obj[item] = s

W0429 09:30:00.085316 26107 generic.py:3287] /home/mainuser/.local/lib/python3.5/site-packages/pandas/core/indexing.py:543: SettingWithCopyWarning: 
A value is trying to be set on a copy of a slice from a DataFrame.
Try using .loc[row_indexer,col_indexer] = value instead

See the caveats in the documentation: http://pandas.pydata.org/pandas-docs/stable/indexing.html#indexing-view-versus-copy
  self.obj[item] = s

W0429 09:30:07.777433 26107 generic.py:3287] /home/mainuser/.local/lib/python3.5/site-packages/pandas/core/indexing.py:543: SettingWithCopyWarning: 
A value is trying to be set on a copy of a slice from a DataFrame.
Try using .loc[row_indexer,col_indexer] = value instead

See the caveats in the documentation: http://pandas.pydata.org/pandas-docs/stable/indexing.html#indexing-view-versus-copy
  self.obj[item] = s

W0429 09:30:15.542832 26107 generic.py:3287] /home/mainuser/.local/lib/python3.5/site-packages/pandas/core/indexing.py:543: SettingWithCopyWarning: 
A value is trying to be set on a copy of a slice from a DataFrame.
Try using .loc[row_indexer,col_indexer] = value instead

See the caveats in the documentation: http://pandas.pydata.org/pandas-docs/stable/indexing.html#indexing-view-versus-copy
  self.obj[item] = s

W0429 09:30:22.449980 26107 forest.py:246] /home/mainuser/.local/lib/python3.5/site-packages/sklearn/ensemble/forest.py:246: FutureWarning: The default value of n_estimators will change from 10 in version 0.20 to 100 in 0.22.
  "10 in version 0.20 to 100 in 0.22.", FutureWarning)

W0429 09:30:23.328988 26107 generic.py:3287] /home/mainuser/.local/lib/python3.5/site-packages/pandas/core/indexing.py:543: SettingWithCopyWarning: 
A value is trying to be set on a copy of a slice from a DataFrame.
Try using .loc[row_indexer,col_indexer] = value instead

See the caveats in the documentation: http://pandas.pydata.org/pandas-docs/stable/indexing.html#indexing-view-versus-copy
  self.obj[item] = s

W0429 09:30:31.107609 26107 generic.py:3287] /home/mainuser/.local/lib/python3.5/site-packages/pandas/core/indexing.py:543: SettingWithCopyWarning: 
A value is trying to be set on a copy of a slice from a DataFrame.
Try using .loc[row_indexer,col_indexer] = value instead

See the caveats in the documentation: http://pandas.pydata.org/pandas-docs/stable/indexing.html#indexing-view-versus-copy
  self.obj[item] = s

W0429 09:30:38.817252 26107 generic.py:3287] /home/mainuser/.local/lib/python3.5/site-packages/pandas/core/indexing.py:543: SettingWithCopyWarning: 
A value is trying to be set on a copy of a slice from a DataFrame.
Try using .loc[row_indexer,col_indexer] = value instead

See the caveats in the documentation: http://pandas.pydata.org/pandas-docs/stable/indexing.html#indexing-view-versus-copy
  self.obj[item] = s

W0429 09:30:46.499981 26107 generic.py:3287] /home/mainuser/.local/lib/python3.5/site-packages/pandas/core/indexing.py:543: SettingWithCopyWarning: 
A value is trying to be set on a copy of a slice from a DataFrame.
Try using .loc[row_indexer,col_indexer] = value instead

See the caveats in the documentation: http://pandas.pydata.org/pandas-docs/stable/indexing.html#indexing-view-versus-copy
  self.obj[item] = s

W0429 09:30:54.248400 26107 generic.py:3287] /home/mainuser/.local/lib/python3.5/site-packages/pandas/core/indexing.py:543: SettingWithCopyWarning: 
A value is trying to be set on a copy of a slice from a DataFrame.
Try using .loc[row_indexer,col_indexer] = value instead

See the caveats in the documentation: http://pandas.pydata.org/pandas-docs/stable/indexing.html#indexing-view-versus-copy
  self.obj[item] = s

W0429 09:31:01.279090 26107 forest.py:246] /home/mainuser/.local/lib/python3.5/site-packages/sklearn/ensemble/forest.py:246: FutureWarning: The default value of n_estimators will change from 10 in version 0.20 to 100 in 0.22.
  "10 in version 0.20 to 100 in 0.22.", FutureWarning)

W0429 09:31:02.159071 26107 generic.py:3287] /home/mainuser/.local/lib/python3.5/site-packages/pandas/core/indexing.py:543: SettingWithCopyWarning: 
A value is trying to be set on a copy of a slice from a DataFrame.
Try using .loc[row_indexer,col_indexer] = value instead

See the caveats in the documentation: http://pandas.pydata.org/pandas-docs/stable/indexing.html#indexing-view-versus-copy
  self.obj[item] = s

W0429 09:31:09.958545 26107 generic.py:3287] /home/mainuser/.local/lib/python3.5/site-packages/pandas/core/indexing.py:543: SettingWithCopyWarning: 
A value is trying to be set on a copy of a slice from a DataFrame.
Try using .loc[row_indexer,col_indexer] = value instead

See the caveats in the documentation: http://pandas.pydata.org/pandas-docs/stable/indexing.html#indexing-view-versus-copy
  self.obj[item] = s

W0429 09:31:17.729081 26107 generic.py:3287] /home/mainuser/.local/lib/python3.5/site-packages/pandas/core/indexing.py:543: SettingWithCopyWarning: 
A value is trying to be set on a copy of a slice from a DataFrame.
Try using .loc[row_indexer,col_indexer] = value instead

See the caveats in the documentation: http://pandas.pydata.org/pandas-docs/stable/indexing.html#indexing-view-versus-copy
  self.obj[item] = s

W0429 09:31:25.410072 26107 generic.py:3287] /home/mainuser/.local/lib/python3.5/site-packages/pandas/core/indexing.py:543: SettingWithCopyWarning: 
A value is trying to be set on a copy of a slice from a DataFrame.
Try using .loc[row_indexer,col_indexer] = value instead

See the caveats in the documentation: http://pandas.pydata.org/pandas-docs/stable/indexing.html#indexing-view-versus-copy
  self.obj[item] = s

